<?xml version="1.0" encoding="UTF-8"?>
<testsuite name="fis.marc.service.UserServiceTest" tests="1" skipped="0" failures="0" errors="0" timestamp="2022-05-02T04:44:36" hostname="cyui-MacBookAir.local" time="0.012">
  <properties/>
  <testcase name="test()" classname="fis.marc.service.UserServiceTest" time="0.012"/>
  <system-out><![CDATA[]]></system-out>
  <system-err><![CDATA[]]></system-err>
</testsuite>
